<testsuite name="Mocha Tests" tests="1" failures="1" errors="1" skipped="0" timestamp="Tue, 16 Feb 2016 20:07:28 GMT" time="0.027">
<testcase classname="Theme #addTheme" name="theme must be saved in the database" time="0.014"><failure><![CDATA['dicks' == 'Bars'
AssertionError: 'dicks' == 'Bars'
    at Context.&lt;anonymous&gt; (C:\Users\Rob\Documents\Integratieproject\kandoe.git\test\theme.js:13:20)
    at callFn (C:\Users\Rob\Documents\Integratieproject\kandoe.git\node_modules\mocha\lib\runnable.js:315:21)
    at Test.Runnable.run (C:\Users\Rob\Documents\Integratieproject\kandoe.git\node_modules\mocha\lib\runnable.js:308:7)
    at Runner.runTest (C:\Users\Rob\Documents\Integratieproject\kandoe.git\node_modules\mocha\lib\runner.js:422:10)
    at C:\Users\Rob\Documents\Integratieproject\kandoe.git\node_modules\mocha\lib\runner.js:533:12
    at next (C:\Users\Rob\Documents\Integratieproject\kandoe.git\node_modules\mocha\lib\runner.js:342:14)
    at C:\Users\Rob\Documents\Integratieproject\kandoe.git\node_modules\mocha\lib\runner.js:352:7
    at next (C:\Users\Rob\Documents\Integratieproject\kandoe.git\node_modules\mocha\lib\runner.js:284:14)
    at Immediate._onImmediate (C:\Users\Rob\Documents\Integratieproject\kandoe.git\node_modules\mocha\lib\runner.js:320:5)]]></failure></testcase>
</testsuite>
